Using pre-set license
Built from '2021.2/staging' branch; Version is '2021.2.7f1 (6bd9e232123f) revision 7068130'; Using compiler version '192829333'; Build Type 'Release'
OS: 'Windows 10  (10.0.14393) 64bit EnterpriseS' Language: 'en' Physical Memory: 16331 MB
BatchMode: 1, IsHumanControllingUs: 0, StartBugReporterOnCrash: 0, Is64bit: 1, IsPro: 0

COMMAND LINE ARGUMENTS:
C:\Program Files\Microsoft Visual Studio\2022\Community\Common7\IDE\2021.2.7f1\Editor\Unity.exe
-adb2
-batchMode
-noUpm
-name
AssetImportWorker0
-projectPath
C:/Program Files/Unity/Projects/Driving Prototype
-logFile
Logs/AssetImportWorker0.log
-srvPort
57037
Successfully changed project path to: C:/Program Files/Unity/Projects/Driving Prototype
C:/Program Files/Unity/Projects/Driving Prototype
[UnityMemory] Configuration Parameters - Can be set up in boot.config
    "memorysetup-bucket-allocator-granularity=16"
    "memorysetup-bucket-allocator-bucket-count=8"
    "memorysetup-bucket-allocator-block-size=33554432"
    "memorysetup-bucket-allocator-block-count=8"
    "memorysetup-main-allocator-block-size=16777216"
    "memorysetup-thread-allocator-block-size=16777216"
    "memorysetup-gfx-main-allocator-block-size=16777216"
    "memorysetup-gfx-thread-allocator-block-size=16777216"
    "memorysetup-cache-allocator-block-size=4194304"
    "memorysetup-typetree-allocator-block-size=2097152"
    "memorysetup-profiler-bucket-allocator-granularity=16"
    "memorysetup-profiler-bucket-allocator-bucket-count=8"
    "memorysetup-profiler-bucket-allocator-block-size=33554432"
    "memorysetup-profiler-bucket-allocator-block-count=8"
    "memorysetup-profiler-allocator-block-size=16777216"
    "memorysetup-profiler-editor-allocator-block-size=1048576"
    "memorysetup-temp-allocator-size-main=16777216"
    "memorysetup-job-temp-allocator-block-size=2097152"
    "memorysetup-job-temp-allocator-block-size-background=1048576"
    "memorysetup-job-temp-allocator-reduction-small-platforms=262144"
    "memorysetup-temp-allocator-size-background-worker=32768"
    "memorysetup-temp-allocator-size-job-worker=262144"
    "memorysetup-temp-allocator-size-preload-manager=33554432"
    "memorysetup-temp-allocator-size-nav-mesh-worker=65536"
    "memorysetup-temp-allocator-size-audio-worker=65536"
    "memorysetup-temp-allocator-size-cloud-worker=32768"
    "memorysetup-temp-allocator-size-gi-baking-worker=262144"
    "memorysetup-temp-allocator-size-gfx=262144"
Refreshing native plugins compatible for Editor in 91.70 ms, found 0 plugins.
Preloading 0 native plugins for Editor in 0.00 ms.
Initialize engine version: 2021.2.7f1 (6bd9e232123f)
[Subsystems] Discovering subsystems at path C:/Program Files/Microsoft Visual Studio/2022/Community/Common7/IDE/2021.2.7f1/Editor/Data/Resources/UnitySubsystems
[Subsystems] Discovering subsystems at path C:/Program Files/Unity/Projects/Driving Prototype/Assets
GfxDevice: creating device client; threaded=0; jobified=0
Direct3D:
    Version:  Direct3D 11.0 [level 11.1]
    Renderer: NVIDIA GeForce GTX 970 (ID=0x13c2)
    Vendor:   NVIDIA
    VRAM:     4043 MB
    Driver:   27.21.14.5671
Initialize mono
Mono path[0] = 'C:/Program Files/Microsoft Visual Studio/2022/Community/Common7/IDE/2021.2.7f1/Editor/Data/Managed'
Mono path[1] = 'C:/Program Files/Microsoft Visual Studio/2022/Community/Common7/IDE/2021.2.7f1/Editor/Data/MonoBleedingEdge/lib/mono/unityjit-win32'
Mono config path = 'C:/Program Files/Microsoft Visual Studio/2022/Community/Common7/IDE/2021.2.7f1/Editor/Data/MonoBleedingEdge/etc'
Using monoOptions --debugger-agent=transport=dt_socket,embedding=1,server=y,suspend=n,address=127.0.0.1:56084
Begin MonoManager ReloadAssembly
Registering precompiled unity dll's ...
Register platform support module: C:/Program Files/Microsoft Visual Studio/2022/Community/Common7/IDE/2021.2.7f1/Editor/Data/PlaybackEngines/WindowsStandaloneSupport/UnityEditor.WindowsStandalone.Extensions.dll
Registered in 0.009617 seconds.
Native extension for WindowsStandalone target not found
Refreshing native plugins compatible for Editor in 82.99 ms, found 0 plugins.
Preloading 0 native plugins for Editor in 0.00 ms.
Mono: successfully reloaded assembly
- Completed reload, in  0.923 seconds
Domain Reload Profiling:
	ReloadAssembly (924ms)
		BeginReloadAssembly (120ms)
			ExecutionOrderSort (0ms)
			DisableScriptedObjects (0ms)
			BackupInstance (0ms)
			ReleaseScriptingObjects (0ms)
			CreateAndSetChildDomain (1ms)
		EndReloadAssembly (682ms)
			LoadAssemblies (115ms)
			RebuildTransferFunctionScriptingTraits (0ms)
			SetupTypeCache (148ms)
			ReleaseScriptCaches (0ms)
			RebuildScriptCaches (49ms)
			SetupLoadedEditorAssemblies (404ms)
				LogAssemblyErrors (0ms)
				InitializePlatformSupportModulesInManaged (23ms)
				SetLoadedEditorAssemblies (0ms)
				RefreshPlugins (83ms)
				BeforeProcessingInitializeOnLoad (2ms)
				ProcessInitializeOnLoadAttributes (224ms)
				ProcessInitializeOnLoadMethodAttributes (71ms)
				AfterProcessingInitializeOnLoad (0ms)
				EditorAssembliesLoaded (0ms)
			ExecutionOrderSort2 (0ms)
			AwakeInstancesAfterBackupRestoration (0ms)
Platform modules already initialized, skipping
Registering precompiled user dll's ...
Registered in 0.003739 seconds.
Begin MonoManager ReloadAssembly
Native extension for WindowsStandalone target not found
Refreshing native plugins compatible for Editor in 88.92 ms, found 0 plugins.
Preloading 0 native plugins for Editor in 0.00 ms.
Mono: successfully reloaded assembly
- Completed reload, in  2.202 seconds
Domain Reload Profiling:
	ReloadAssembly (2203ms)
		BeginReloadAssembly (179ms)
			ExecutionOrderSort (0ms)
			DisableScriptedObjects (10ms)
			BackupInstance (0ms)
			ReleaseScriptingObjects (0ms)
			CreateAndSetChildDomain (28ms)
		EndReloadAssembly (1872ms)
			LoadAssemblies (111ms)
			RebuildTransferFunctionScriptingTraits (0ms)
			SetupTypeCache (247ms)
			ReleaseScriptCaches (1ms)
			RebuildScriptCaches (81ms)
			SetupLoadedEditorAssemblies (1370ms)
				LogAssemblyErrors (0ms)
				InitializePlatformSupportModulesInManaged (17ms)
				SetLoadedEditorAssemblies (0ms)
				RefreshPlugins (89ms)
				BeforeProcessingInitializeOnLoad (110ms)
				ProcessInitializeOnLoadAttributes (1018ms)
				ProcessInitializeOnLoadMethodAttributes (123ms)
				AfterProcessingInitializeOnLoad (13ms)
				EditorAssembliesLoaded (0ms)
			ExecutionOrderSort2 (0ms)
			AwakeInstancesAfterBackupRestoration (8ms)
Platform modules already initialized, skipping
========================================================================
Worker process is ready to serve import requests
Launched and connected shader compiler UnityShaderCompiler.exe after 0.04 seconds
Refreshing native plugins compatible for Editor in 0.70 ms, found 0 plugins.
Preloading 0 native plugins for Editor in 0.00 ms.
Unloading 2792 Unused Serialized files (Serialized files now loaded: 0)
Unloading 16 unused Assets / (0.6 MB). Loaded Objects now: 3293.
Memory consumption went from 165.3 MB to 164.6 MB.
Total: 4.747139 ms (FindLiveObjects: 0.296056 ms CreateObjectMapping: 0.155106 ms MarkObjects: 3.808071 ms  DeleteObjects: 0.486399 ms)

AssetImportParameters requested are different than current active one (requested -> active):
  custom:video-decoder-ogg-theora: a1e56fd34408186e4bbccfd4996cb3dc -> 
  custom:container-muxer-webm: aa71ff27fc2769a1b78a27578f13a17b -> 
  custom:container-demuxer-webm: 4f35f7cbe854078d1ac9338744f61a02 -> 
  custom:video-encoder-webm-vp8: eb34c28f22e8b96e1ab97ce403110664 -> 
  custom:video-codec-MediaFoundation-h265: 55f8c8538cf0483ab7069ead6b737db2 -> 
  custom:audio-encoder-webm-vorbis: bf7c407c2cedff20999df2af8eb42d56 -> 
  custom:framework-win-MediaFoundation: 216162199b28c13a410421893ffa2e32 -> 
  custom:container-demuxer-ogg: 62fdf1f143b41e24485cea50d1cbac27 -> 
  custom:video-decoder-webm-vp8: 9c59270c3fd7afecdb556c50c9e8de78 -> 
  custom:audio-decoder-ogg-vorbis: bf7c407c2cedff20999df2af8eb42d56 -> 
========================================================================
Received Import Request.
  Time since last request: 164053.802600 seconds.
  path: Assets/Prototype 2/Models/MonsterTruck.prefab
  artifactKey: Guid(d5476937e54d6d3448c18cede8641520) Importer(815301076,1909f56bfc062723c751e8b465ee728b)
Start importing Assets/Prototype 2/Models/MonsterTruck.prefab using Guid(d5476937e54d6d3448c18cede8641520) Importer(815301076,1909f56bfc062723c751e8b465ee728b)  -> (artifact id: 'd14e6fa8cf1fa0c3d4ac8fdc4792dd01') in 0.378703 seconds 
========================================================================
Received Import Request.
  Time since last request: 0.000039 seconds.
  path: Assets/Prototype 2/Models/_MonsterTrack.fbx
  artifactKey: Guid(80a770e56cc359743b0c8a58819475de) Importer(815301076,1909f56bfc062723c751e8b465ee728b)
Start importing Assets/Prototype 2/Models/_MonsterTrack.fbx using Guid(80a770e56cc359743b0c8a58819475de) Importer(815301076,1909f56bfc062723c751e8b465ee728b)  -> (artifact id: '00ce3cdba144c1cbb0866c91ae97ca8a') in 0.124190 seconds 
========================================================================
Received Import Request.
  Time since last request: 29.133013 seconds.
  path: Assets/Prototype 2/Models/MonsterTruck 1.prefab
  artifactKey: Guid(924d468146e22a84c8f28c4dccc27903) Importer(815301076,1909f56bfc062723c751e8b465ee728b)
Start importing Assets/Prototype 2/Models/MonsterTruck 1.prefab using Guid(924d468146e22a84c8f28c4dccc27903) Importer(815301076,1909f56bfc062723c751e8b465ee728b)  -> (artifact id: '383dbb9093a53c5a24304999a799877c') in 0.025811 seconds 
========================================================================
Received Import Request.
  Time since last request: 4.959163 seconds.
  path: Assets/Prototype 2/Models/_MonsterTruck.prefab
  artifactKey: Guid(d5476937e54d6d3448c18cede8641520) Importer(815301076,1909f56bfc062723c751e8b465ee728b)
Start importing Assets/Prototype 2/Models/_MonsterTruck.prefab using Guid(d5476937e54d6d3448c18cede8641520) Importer(815301076,1909f56bfc062723c751e8b465ee728b)  -> (artifact id: '325d5c7e40bae16db3f2147566d03019') in 0.023863 seconds 
========================================================================
Received Import Request.
  Time since last request: 2.997436 seconds.
  path: Assets/Prototype 2/Models/MonsterTruck.prefab
  artifactKey: Guid(924d468146e22a84c8f28c4dccc27903) Importer(815301076,1909f56bfc062723c751e8b465ee728b)
Start importing Assets/Prototype 2/Models/MonsterTruck.prefab using Guid(924d468146e22a84c8f28c4dccc27903) Importer(815301076,1909f56bfc062723c751e8b465ee728b)  -> (artifact id: '2c7fc8e73da4e75f93215f991810fbad') in 0.024196 seconds 
========================================================================
Received Import Request.
  Time since last request: 283.243867 seconds.
  path: Assets/Prototype 2/Models/MonsterTrack.fbx
  artifactKey: Guid(902579e23babc17468a555ca292601e5) Importer(815301076,1909f56bfc062723c751e8b465ee728b)
Start importing Assets/Prototype 2/Models/MonsterTrack.fbx using Guid(902579e23babc17468a555ca292601e5) Importer(815301076,1909f56bfc062723c751e8b465ee728b)  -> (artifact id: '76d4655844b253b6e5d58651417c8b22') in 0.185598 seconds 
========================================================================
Received Import Request.
  Time since last request: 557.745991 seconds.
  path: Assets/Prototype 2/Models/MonsterTrack.fbx
  artifactKey: Guid(902579e23babc17468a555ca292601e5) Importer(815301076,1909f56bfc062723c751e8b465ee728b)
Start importing Assets/Prototype 2/Models/MonsterTrack.fbx using Guid(902579e23babc17468a555ca292601e5) Importer(815301076,1909f56bfc062723c751e8b465ee728b)  -> (artifact id: '31fd9ab2a11f24b32d6399ecbe26b395') in 0.172015 seconds 
========================================================================
Received Import Request.
  Time since last request: 509.324373 seconds.
  path: Assets/Stylized Vehicles Pack Free/Materials/Glass.mat
  artifactKey: Guid(cc7b2db259c363947adc3910417f93b8) Importer(815301076,1909f56bfc062723c751e8b465ee728b)
Start importing Assets/Stylized Vehicles Pack Free/Materials/Glass.mat using Guid(cc7b2db259c363947adc3910417f93b8) Importer(815301076,1909f56bfc062723c751e8b465ee728b)  -> (artifact id: '03e4d88cf69fd0b2fd3d1385b83de497') in 0.018737 seconds 
========================================================================
Received Import Request.
  Time since last request: 38.635642 seconds.
  path: Assets/Stylized Vehicles Pack Free/Models/SportCar2/SportCar2.fbx
  artifactKey: Guid(c750512b51c0aaf4b810865d28173138) Importer(815301076,1909f56bfc062723c751e8b465ee728b)
Start importing Assets/Stylized Vehicles Pack Free/Models/SportCar2/SportCar2.fbx using Guid(c750512b51c0aaf4b810865d28173138) Importer(815301076,1909f56bfc062723c751e8b465ee728b)  -> (artifact id: 'f1c6fc9614a5b6d1ef9a2e3bd03925d6') in 0.124079 seconds 
========================================================================
Received Import Request.
  Time since last request: 0.000024 seconds.
  path: Assets/MSVehicleSystem(FreeVersion)/3DModels/Vehicle3/Vehicle3.fbx
  artifactKey: Guid(b306989d6fbcfd749a7eda403a18c40b) Importer(815301076,1909f56bfc062723c751e8b465ee728b)
Start importing Assets/MSVehicleSystem(FreeVersion)/3DModels/Vehicle3/Vehicle3.fbx using Guid(b306989d6fbcfd749a7eda403a18c40b) Importer(815301076,1909f56bfc062723c751e8b465ee728b)  -> (artifact id: '315b1a05c49a6e3cac120947967e1d06') in 0.204580 seconds 
========================================================================
Received Import Request.
  Time since last request: 0.000031 seconds.
  path: Assets/MSVehicleSystem(FreeVersion)/3DModels/NewScenario/Novocenario.fbx
  artifactKey: Guid(ac1eea795233d3f4b8f40d531cb09a50) Importer(815301076,1909f56bfc062723c751e8b465ee728b)
Start importing Assets/MSVehicleSystem(FreeVersion)/3DModels/NewScenario/Novocenario.fbx using Guid(ac1eea795233d3f4b8f40d531cb09a50) Importer(815301076,1909f56bfc062723c751e8b465ee728b)  -> (artifact id: '408227b8fc00260f3a986c6f8707d344') in 0.413380 seconds 
========================================================================
Received Import Request.
  Time since last request: 0.000033 seconds.
  path: Assets/Stylized Vehicles Pack Free/Models/Sedan1/Sedan1.fbx
  artifactKey: Guid(7d652cef1bd85dc439500501a6433c02) Importer(815301076,1909f56bfc062723c751e8b465ee728b)
Start importing Assets/Stylized Vehicles Pack Free/Models/Sedan1/Sedan1.fbx using Guid(7d652cef1bd85dc439500501a6433c02) Importer(815301076,1909f56bfc062723c751e8b465ee728b)  -> (artifact id: '470479d5621133a5f22cea839b4f037c') in 0.144691 seconds 
========================================================================
Received Import Request.
  Time since last request: 0.000026 seconds.
  path: Assets/Stylized Vehicles Pack Free/Models/Jeep2/Jeep2.fbx
  artifactKey: Guid(348fa29d2b68ebf4498f1a0aa842d77a) Importer(815301076,1909f56bfc062723c751e8b465ee728b)
Start importing Assets/Stylized Vehicles Pack Free/Models/Jeep2/Jeep2.fbx using Guid(348fa29d2b68ebf4498f1a0aa842d77a) Importer(815301076,1909f56bfc062723c751e8b465ee728b)  -> (artifact id: '878bee129700301b297891ba8b2272e5') in 0.113017 seconds 
========================================================================
Received Import Request.
  Time since last request: 0.000027 seconds.
  path: Assets/Stylized Vehicles Pack Free/Models/MicroBus4/MicroBus4.fbx
  artifactKey: Guid(4779d8f90edb5844999677fca3a05e3e) Importer(815301076,1909f56bfc062723c751e8b465ee728b)
Start importing Assets/Stylized Vehicles Pack Free/Models/MicroBus4/MicroBus4.fbx using Guid(4779d8f90edb5844999677fca3a05e3e) Importer(815301076,1909f56bfc062723c751e8b465ee728b)  -> (artifact id: '6b4d2e2a0230afb69770422e99149cdb') in 0.125228 seconds 
========================================================================
Received Import Request.
  Time since last request: 0.000031 seconds.
  path: Assets/Stylized Vehicles Pack Free/Models/Car2/Car2.fbx
  artifactKey: Guid(53ec6115b233000489d1dd52c385f7b0) Importer(815301076,1909f56bfc062723c751e8b465ee728b)
Start importing Assets/Stylized Vehicles Pack Free/Models/Car2/Car2.fbx using Guid(53ec6115b233000489d1dd52c385f7b0) Importer(815301076,1909f56bfc062723c751e8b465ee728b)  -> (artifact id: '4fce6e5bd2fcde15ab60a5ae7a74804e') in 0.122525 seconds 
========================================================================
Received Import Request.
  Time since last request: 118.780094 seconds.
  path: Assets/MSVehicleSystem(FreeVersion)/3DModels/Vehicle3/Materials/v47.mat
  artifactKey: Guid(df9e6ac5e69563f4bbddbae769618b23) Importer(815301076,1909f56bfc062723c751e8b465ee728b)
Start importing Assets/MSVehicleSystem(FreeVersion)/3DModels/Vehicle3/Materials/v47.mat using Guid(df9e6ac5e69563f4bbddbae769618b23) Importer(815301076,1909f56bfc062723c751e8b465ee728b)  -> (artifact id: '7723cafe0f6770fcf0fb2aec6f19ea18') in 0.013599 seconds 
========================================================================
Received Import Request.
  Time since last request: 103.800020 seconds.
  path: Assets/Cars
  artifactKey: Guid(e9d83f8059915fb4485a66fc8a76e4a1) Importer(815301076,1909f56bfc062723c751e8b465ee728b)
Start importing Assets/Cars using Guid(e9d83f8059915fb4485a66fc8a76e4a1) Importer(815301076,1909f56bfc062723c751e8b465ee728b)  -> (artifact id: '2e3b7c3eedb5c74c0b7824a602cd0915') in 0.002773 seconds 
========================================================================
Received Import Request.
  Time since last request: 27.421095 seconds.
  path: Assets/Prototype 2/Models/MonsterTruck.prefab
  artifactKey: Guid(924d468146e22a84c8f28c4dccc27903) Importer(815301076,1909f56bfc062723c751e8b465ee728b)
Start importing Assets/Prototype 2/Models/MonsterTruck.prefab using Guid(924d468146e22a84c8f28c4dccc27903) Importer(815301076,1909f56bfc062723c751e8b465ee728b)  -> (artifact id: 'cf8a469ce434916075ff673deafc0c0e') in 0.031287 seconds 
========================================================================
Received Import Request.
  Time since last request: 0.000032 seconds.
  path: Assets/Prototype 2/Models/Thruster.prefab
  artifactKey: Guid(8b6f09809d3419e4cafc9fc56f847223) Importer(815301076,1909f56bfc062723c751e8b465ee728b)
Start importing Assets/Prototype 2/Models/Thruster.prefab using Guid(8b6f09809d3419e4cafc9fc56f847223) Importer(815301076,1909f56bfc062723c751e8b465ee728b)  -> (artifact id: '433e6a23a287a8460fded5aeccb43140') in 0.022788 seconds 
========================================================================
Received Import Request.
  Time since last request: 371.749944 seconds.
  path: Assets/MSVehicleSystem(FreeVersion)/3DModels/Vehicle3/Materials/v36.mat
  artifactKey: Guid(0a117c984366f1b409d5ecf2836ec147) Importer(815301076,1909f56bfc062723c751e8b465ee728b)
Start importing Assets/MSVehicleSystem(FreeVersion)/3DModels/Vehicle3/Materials/v36.mat using Guid(0a117c984366f1b409d5ecf2836ec147) Importer(815301076,1909f56bfc062723c751e8b465ee728b)  -> (artifact id: '7a4bd4b19e924845181e04be4befec1b') in 0.021238 seconds 
========================================================================
Received Import Request.
  Time since last request: 0.000027 seconds.
  path: Assets/MSVehicleSystem(FreeVersion)/3DModels/Vehicle3/Materials/v45.mat
  artifactKey: Guid(c93ea5e178435bb439a783015c3e0b7b) Importer(815301076,1909f56bfc062723c751e8b465ee728b)
Start importing Assets/MSVehicleSystem(FreeVersion)/3DModels/Vehicle3/Materials/v45.mat using Guid(c93ea5e178435bb439a783015c3e0b7b) Importer(815301076,1909f56bfc062723c751e8b465ee728b)  -> (artifact id: '76059d58fe6b2ff90767a764fe4d3f21') in 0.012480 seconds 
========================================================================
Received Import Request.
  Time since last request: 0.000035 seconds.
  path: Assets/MSVehicleSystem(FreeVersion)/3DModels/Vehicle3/Materials/v41.mat
  artifactKey: Guid(871c8e0e12131fa409b9e997555bcde3) Importer(815301076,1909f56bfc062723c751e8b465ee728b)
Start importing Assets/MSVehicleSystem(FreeVersion)/3DModels/Vehicle3/Materials/v41.mat using Guid(871c8e0e12131fa409b9e997555bcde3) Importer(815301076,1909f56bfc062723c751e8b465ee728b)  -> (artifact id: '3746b7b3cacd5e764803faa026338266') in 0.013933 seconds 
========================================================================
Received Import Request.
  Time since last request: 0.000025 seconds.
  path: Assets/MSVehicleSystem(FreeVersion)/3DModels/Vehicle3/Materials/v325.mat
  artifactKey: Guid(507a45ea76659bc4999b17fae2362439) Importer(815301076,1909f56bfc062723c751e8b465ee728b)
Start importing Assets/MSVehicleSystem(FreeVersion)/3DModels/Vehicle3/Materials/v325.mat using Guid(507a45ea76659bc4999b17fae2362439) Importer(815301076,1909f56bfc062723c751e8b465ee728b)  -> (artifact id: '751900dafeb0ae7d901cffbe25793501') in 0.014210 seconds 
========================================================================
Received Import Request.
  Time since last request: 0.000027 seconds.
  path: Assets/MSVehicleSystem(FreeVersion)/3DModels/Vehicle3/Materials/v320.mat
  artifactKey: Guid(d8ec8d1ab6eb96945996dabf45e9468e) Importer(815301076,1909f56bfc062723c751e8b465ee728b)
Start importing Assets/MSVehicleSystem(FreeVersion)/3DModels/Vehicle3/Materials/v320.mat using Guid(d8ec8d1ab6eb96945996dabf45e9468e) Importer(815301076,1909f56bfc062723c751e8b465ee728b)  -> (artifact id: '923daa6eb180f8abf7ca19e3aacbb52c') in 0.013775 seconds 
========================================================================
Received Import Request.
  Time since last request: 0.000024 seconds.
  path: Assets/MSVehicleSystem(FreeVersion)/3DModels/Vehicle3/Materials/v310.mat
  artifactKey: Guid(d8821f9bf77d38a4a8bbba5e97811f6d) Importer(815301076,1909f56bfc062723c751e8b465ee728b)
Start importing Assets/MSVehicleSystem(FreeVersion)/3DModels/Vehicle3/Materials/v310.mat using Guid(d8821f9bf77d38a4a8bbba5e97811f6d) Importer(815301076,1909f56bfc062723c751e8b465ee728b)  -> (artifact id: 'bea6b1bbb0a5ae01110409c10b5b22db') in 0.013015 seconds 
========================================================================
Received Import Request.
  Time since last request: 314.805925 seconds.
  path: Assets/Prototype 2/Models/_MonsterTruck.prefab
  artifactKey: Guid(d5476937e54d6d3448c18cede8641520) Importer(815301076,1909f56bfc062723c751e8b465ee728b)
Start importing Assets/Prototype 2/Models/_MonsterTruck.prefab using Guid(d5476937e54d6d3448c18cede8641520) Importer(815301076,1909f56bfc062723c751e8b465ee728b)  -> (artifact id: '4fd26f7f81fcc5d28f77c60f9c7b2c97') in 0.028390 seconds 
========================================================================
Received Import Request.
  Time since last request: 6.201265 seconds.
  path: Assets/Prototype 2/Models/MonsterTruck.prefab
  artifactKey: Guid(924d468146e22a84c8f28c4dccc27903) Importer(815301076,1909f56bfc062723c751e8b465ee728b)
Start importing Assets/Prototype 2/Models/MonsterTruck.prefab using Guid(924d468146e22a84c8f28c4dccc27903) Importer(815301076,1909f56bfc062723c751e8b465ee728b)  -> (artifact id: 'b86c3ff1dc293fbcaa8571d2f110b72c') in 0.033103 seconds 
========================================================================
Received Import Request.
  Time since last request: 33.469849 seconds.
  path: Packages/com.unity.render-pipelines.universal/Shaders/Lit.shader
  artifactKey: Guid(933532a4fcc9baf4fa0491de14d08ed7) Importer(815301076,1909f56bfc062723c751e8b465ee728b)
Start importing Packages/com.unity.render-pipelines.universal/Shaders/Lit.shader using Guid(933532a4fcc9baf4fa0491de14d08ed7) Importer(815301076,1909f56bfc062723c751e8b465ee728b)  -> (artifact id: 'd1eecbb468ae3114e19f9c195e0f4026') in 0.004710 seconds 
========================================================================
Received Import Request.
  Time since last request: 15.768148 seconds.
  path: Assets/Prototype 2/Models/_MonsterTruck.prefab
  artifactKey: Guid(d5476937e54d6d3448c18cede8641520) Importer(815301076,1909f56bfc062723c751e8b465ee728b)
Start importing Assets/Prototype 2/Models/_MonsterTruck.prefab using Guid(d5476937e54d6d3448c18cede8641520) Importer(815301076,1909f56bfc062723c751e8b465ee728b)  -> (artifact id: 'db726f5e4cd435d3797809a698a053ea') in 0.007863 seconds 
========================================================================
Received Prepare
Registering precompiled user dll's ...
Registered in 0.003331 seconds.
Begin MonoManager ReloadAssembly
Native extension for WindowsStandalone target not found
Refreshing native plugins compatible for Editor in 0.82 ms, found 0 plugins.
Preloading 0 native plugins for Editor in 0.00 ms.
Mono: successfully reloaded assembly
- Completed reload, in  1.593 seconds
Domain Reload Profiling:
	ReloadAssembly (1594ms)
		BeginReloadAssembly (257ms)
			ExecutionOrderSort (0ms)
			DisableScriptedObjects (25ms)
			BackupInstance (0ms)
			ReleaseScriptingObjects (0ms)
			CreateAndSetChildDomain (69ms)
		EndReloadAssembly (1185ms)
			LoadAssemblies (132ms)
			RebuildTransferFunctionScriptingTraits (0ms)
			SetupTypeCache (265ms)
			ReleaseScriptCaches (1ms)
			RebuildScriptCaches (61ms)
			SetupLoadedEditorAssemblies (633ms)
				LogAssemblyErrors (0ms)
				InitializePlatformSupportModulesInManaged (19ms)
				SetLoadedEditorAssemblies (1ms)
				RefreshPlugins (1ms)
				BeforeProcessingInitializeOnLoad (98ms)
				ProcessInitializeOnLoadAttributes (386ms)
				ProcessInitializeOnLoadMethodAttributes (116ms)
				AfterProcessingInitializeOnLoad (13ms)
				EditorAssembliesLoaded (0ms)
			ExecutionOrderSort2 (0ms)
			AwakeInstancesAfterBackupRestoration (20ms)
Platform modules already initialized, skipping
Refreshing native plugins compatible for Editor in 0.73 ms, found 0 plugins.
Preloading 0 native plugins for Editor in 0.00 ms.
Unloading 2678 Unused Serialized files (Serialized files now loaded: 0)
Unloading 11 unused Assets / (309.8 KB). Loaded Objects now: 3406.
Memory consumption went from 166.3 MB to 166.0 MB.
Total: 4.380607 ms (FindLiveObjects: 0.293948 ms CreateObjectMapping: 0.143962 ms MarkObjects: 3.878848 ms  DeleteObjects: 0.062343 ms)

AssetImportParameters requested are different than current active one (requested -> active):
  custom:video-decoder-ogg-theora: a1e56fd34408186e4bbccfd4996cb3dc -> 
  custom:container-muxer-webm: aa71ff27fc2769a1b78a27578f13a17b -> 
  custom:container-demuxer-webm: 4f35f7cbe854078d1ac9338744f61a02 -> 
  custom:video-encoder-webm-vp8: eb34c28f22e8b96e1ab97ce403110664 -> 
  custom:video-codec-MediaFoundation-h265: 55f8c8538cf0483ab7069ead6b737db2 -> 
  custom:audio-encoder-webm-vorbis: bf7c407c2cedff20999df2af8eb42d56 -> 
  custom:framework-win-MediaFoundation: 216162199b28c13a410421893ffa2e32 -> 
  custom:container-demuxer-ogg: 62fdf1f143b41e24485cea50d1cbac27 -> 
  custom:video-decoder-webm-vp8: 9c59270c3fd7afecdb556c50c9e8de78 -> 
  custom:audio-decoder-ogg-vorbis: bf7c407c2cedff20999df2af8eb42d56 -> 
========================================================================
Received Prepare
Registering precompiled user dll's ...
Registered in 0.003448 seconds.
Begin MonoManager ReloadAssembly
Native extension for WindowsStandalone target not found
Refreshing native plugins compatible for Editor in 0.86 ms, found 0 plugins.
Preloading 0 native plugins for Editor in 0.00 ms.
Mono: successfully reloaded assembly
- Completed reload, in  1.815 seconds
Domain Reload Profiling:
	ReloadAssembly (1816ms)
		BeginReloadAssembly (192ms)
			ExecutionOrderSort (0ms)
			DisableScriptedObjects (12ms)
			BackupInstance (0ms)
			ReleaseScriptingObjects (0ms)
			CreateAndSetChildDomain (39ms)
		EndReloadAssembly (1472ms)
			LoadAssemblies (116ms)
			RebuildTransferFunctionScriptingTraits (0ms)
			SetupTypeCache (249ms)
			ReleaseScriptCaches (1ms)
			RebuildScriptCaches (61ms)
			SetupLoadedEditorAssemblies (895ms)
				LogAssemblyErrors (0ms)
				InitializePlatformSupportModulesInManaged (27ms)
				SetLoadedEditorAssemblies (1ms)
				RefreshPlugins (1ms)
				BeforeProcessingInitializeOnLoad (115ms)
				ProcessInitializeOnLoadAttributes (558ms)
				ProcessInitializeOnLoadMethodAttributes (176ms)
				AfterProcessingInitializeOnLoad (17ms)
				EditorAssembliesLoaded (1ms)
			ExecutionOrderSort2 (0ms)
			AwakeInstancesAfterBackupRestoration (27ms)
Platform modules already initialized, skipping
Refreshing native plugins compatible for Editor in 0.74 ms, found 0 plugins.
Preloading 0 native plugins for Editor in 0.00 ms.
Unloading 2669 Unused Serialized files (Serialized files now loaded: 0)
Unloading 11 unused Assets / (309.9 KB). Loaded Objects now: 3408.
Memory consumption went from 165.5 MB to 165.2 MB.
Total: 7.810401 ms (FindLiveObjects: 0.325571 ms CreateObjectMapping: 0.146974 ms MarkObjects: 7.261056 ms  DeleteObjects: 0.075294 ms)

AssetImportParameters requested are different than current active one (requested -> active):
  custom:video-decoder-ogg-theora: a1e56fd34408186e4bbccfd4996cb3dc -> 
  custom:container-muxer-webm: aa71ff27fc2769a1b78a27578f13a17b -> 
  custom:container-demuxer-webm: 4f35f7cbe854078d1ac9338744f61a02 -> 
  custom:video-encoder-webm-vp8: eb34c28f22e8b96e1ab97ce403110664 -> 
  custom:video-codec-MediaFoundation-h265: 55f8c8538cf0483ab7069ead6b737db2 -> 
  custom:audio-encoder-webm-vorbis: bf7c407c2cedff20999df2af8eb42d56 -> 
  custom:framework-win-MediaFoundation: 216162199b28c13a410421893ffa2e32 -> 
  custom:container-demuxer-ogg: 62fdf1f143b41e24485cea50d1cbac27 -> 
  custom:video-decoder-webm-vp8: 9c59270c3fd7afecdb556c50c9e8de78 -> 
  custom:audio-decoder-ogg-vorbis: bf7c407c2cedff20999df2af8eb42d56 -> 
========================================================================
Received Import Request.
  Time since last request: 970.350537 seconds.
  path: Assets/Prototype 2/Models/MonsterTruck.prefab
  artifactKey: Guid(924d468146e22a84c8f28c4dccc27903) Importer(815301076,1909f56bfc062723c751e8b465ee728b)
Start importing Assets/Prototype 2/Models/MonsterTruck.prefab using Guid(924d468146e22a84c8f28c4dccc27903) Importer(815301076,1909f56bfc062723c751e8b465ee728b)  -> (artifact id: 'fc6e5142a407ca48c544ec539738335c') in 0.330908 seconds 
========================================================================
Received Import Request.
  Time since last request: 67.136829 seconds.
  path: Assets/Cars/Materials/CarColors/16.mat
  artifactKey: Guid(4e1f87e8fa2121c4b88ec471a29ca30e) Importer(815301076,1909f56bfc062723c751e8b465ee728b)
Start importing Assets/Cars/Materials/CarColors/16.mat using Guid(4e1f87e8fa2121c4b88ec471a29ca30e) Importer(815301076,1909f56bfc062723c751e8b465ee728b)  -> (artifact id: 'fa89be18bf4145492e1ad8167c91df05') in 0.049163 seconds 
========================================================================
Received Import Request.
  Time since last request: 14.217678 seconds.
  path: Assets/MSVehicleSystem(FreeVersion)/3DModels/NewScenario/Materials/_0136_Charcoal.mat
  artifactKey: Guid(6ae43b5ad201cf04780790f81fa51aad) Importer(815301076,1909f56bfc062723c751e8b465ee728b)
Start importing Assets/MSVehicleSystem(FreeVersion)/3DModels/NewScenario/Materials/_0136_Charcoal.mat using Guid(6ae43b5ad201cf04780790f81fa51aad) Importer(815301076,1909f56bfc062723c751e8b465ee728b)  -> (artifact id: '93801c8b243c31f12818048520466ab4') in 0.012735 seconds 
========================================================================
Received Import Request.
  Time since last request: 0.000024 seconds.
  path: Assets/LowPolyTerrain-Track/Materials/Bg/Bg_DarkGray.mat
  artifactKey: Guid(7a9c6212d1f05e84e886f345adb6657e) Importer(815301076,1909f56bfc062723c751e8b465ee728b)
Start importing Assets/LowPolyTerrain-Track/Materials/Bg/Bg_DarkGray.mat using Guid(7a9c6212d1f05e84e886f345adb6657e) Importer(815301076,1909f56bfc062723c751e8b465ee728b)  -> (artifact id: 'b87e83e6613c23879dfa3013e4faacac') in 0.013358 seconds 
========================================================================
Received Import Request.
  Time since last request: 0.184672 seconds.
  path: Assets/LowPolyTerrain-Track/Materials/Bg/Bg_Gray.mat
  artifactKey: Guid(40f4aa3432465694db857b0d09524bdc) Importer(815301076,1909f56bfc062723c751e8b465ee728b)
Start importing Assets/LowPolyTerrain-Track/Materials/Bg/Bg_Gray.mat using Guid(40f4aa3432465694db857b0d09524bdc) Importer(815301076,1909f56bfc062723c751e8b465ee728b)  -> (artifact id: '9a76a15575811fa3c6f35d6ac682bfe6') in 0.024208 seconds 
========================================================================
Received Import Request.
  Time since last request: 0.000028 seconds.
  path: Assets/LowPolyTerrain-Track/Materials/Bg/Bg_LightGray.mat
  artifactKey: Guid(2cd3084ea8acf78469c562831e559e6c) Importer(815301076,1909f56bfc062723c751e8b465ee728b)
Start importing Assets/LowPolyTerrain-Track/Materials/Bg/Bg_LightGray.mat using Guid(2cd3084ea8acf78469c562831e559e6c) Importer(815301076,1909f56bfc062723c751e8b465ee728b)  -> (artifact id: '5de7cf067e1e0d0a84638475a75f122c') in 0.012487 seconds 
========================================================================
Received Import Request.
  Time since last request: 0.185426 seconds.
  path: Assets/Prototype 2/Materials/Chrome.mat
  artifactKey: Guid(bdb00eb175a6109439e5d75c35d4b022) Importer(815301076,1909f56bfc062723c751e8b465ee728b)
Start importing Assets/Prototype 2/Materials/Chrome.mat using Guid(bdb00eb175a6109439e5d75c35d4b022) Importer(815301076,1909f56bfc062723c751e8b465ee728b)  -> (artifact id: '71420360101b3bbdc583aad6eb86bfae') in 0.012531 seconds 
========================================================================
Received Import Request.
  Time since last request: 0.000025 seconds.
  path: Assets/LowPolyTerrain-Track/Materials/Bg/CloudTest.mat
  artifactKey: Guid(9f27acf10d39c6040a1aa57b8efd36bc) Importer(815301076,1909f56bfc062723c751e8b465ee728b)
Start importing Assets/LowPolyTerrain-Track/Materials/Bg/CloudTest.mat using Guid(9f27acf10d39c6040a1aa57b8efd36bc) Importer(815301076,1909f56bfc062723c751e8b465ee728b)  -> (artifact id: '89f923aadd877a09d8a63de57b88d65f') in 0.015161 seconds 
========================================================================
Received Import Request.
  Time since last request: 0.000028 seconds.
  path: Assets/MSVehicleSystem(FreeVersion)/3DModels/NewScenario/Materials/Floor.mat
  artifactKey: Guid(6bef592899be7264aa548ed3233eccec) Importer(815301076,1909f56bfc062723c751e8b465ee728b)
Start importing Assets/MSVehicleSystem(FreeVersion)/3DModels/NewScenario/Materials/Floor.mat using Guid(6bef592899be7264aa548ed3233eccec) Importer(815301076,1909f56bfc062723c751e8b465ee728b)  -> (artifact id: '741f29cf0ecbc271ac92ddbc10744aab') in 0.018977 seconds 
========================================================================
Received Import Request.
  Time since last request: 0.000075 seconds.
  path: Assets/LowPolyTerrain-Track/Materials/Bg/FinishLine.mat
  artifactKey: Guid(67fd0dd8cb06b5440ac58c8d6dafb46c) Importer(815301076,1909f56bfc062723c751e8b465ee728b)
Start importing Assets/LowPolyTerrain-Track/Materials/Bg/FinishLine.mat using Guid(67fd0dd8cb06b5440ac58c8d6dafb46c) Importer(815301076,1909f56bfc062723c751e8b465ee728b)  -> (artifact id: '167c0b586a42e52065de5ef6f2ebc40c') in 0.013835 seconds 
========================================================================
Received Import Request.
  Time since last request: 205.264186 seconds.
  path: Assets/Prototype 2/Models/MonsterTruck.prefab
  artifactKey: Guid(924d468146e22a84c8f28c4dccc27903) Importer(815301076,1909f56bfc062723c751e8b465ee728b)
Start importing Assets/Prototype 2/Models/MonsterTruck.prefab using Guid(924d468146e22a84c8f28c4dccc27903) Importer(815301076,1909f56bfc062723c751e8b465ee728b)  -> (artifact id: '00756a40a6bca590f012d8fa20b0ac9a') in 0.032178 seconds 
========================================================================
Received Import Request.
  Time since last request: 625.587476 seconds.
  path: Assets/Prototype 2/Models/MonsterTruck.prefab
  artifactKey: Guid(924d468146e22a84c8f28c4dccc27903) Importer(815301076,1909f56bfc062723c751e8b465ee728b)
Start importing Assets/Prototype 2/Models/MonsterTruck.prefab using Guid(924d468146e22a84c8f28c4dccc27903) Importer(815301076,1909f56bfc062723c751e8b465ee728b)  -> (artifact id: 'cb1a6f1ce77343527253022d89fc1a57') in 0.038599 seconds 
========================================================================
Received Prepare
Registering precompiled user dll's ...
Registered in 0.003848 seconds.
Begin MonoManager ReloadAssembly
Native extension for WindowsStandalone target not found
Refreshing native plugins compatible for Editor in 0.93 ms, found 0 plugins.
Preloading 0 native plugins for Editor in 0.00 ms.
Mono: successfully reloaded assembly
- Completed reload, in  1.771 seconds
Domain Reload Profiling:
	ReloadAssembly (1772ms)
		BeginReloadAssembly (203ms)
			ExecutionOrderSort (0ms)
			DisableScriptedObjects (14ms)
			BackupInstance (0ms)
			ReleaseScriptingObjects (0ms)
			CreateAndSetChildDomain (45ms)
		EndReloadAssembly (1416ms)
			LoadAssemblies (124ms)
			RebuildTransferFunctionScriptingTraits (0ms)
			SetupTypeCache (263ms)
			ReleaseScriptCaches (1ms)
			RebuildScriptCaches (62ms)
			SetupLoadedEditorAssemblies (827ms)
				LogAssemblyErrors (0ms)
				InitializePlatformSupportModulesInManaged (25ms)
				SetLoadedEditorAssemblies (1ms)
				RefreshPlugins (1ms)
				BeforeProcessingInitializeOnLoad (116ms)
				ProcessInitializeOnLoadAttributes (504ms)
				ProcessInitializeOnLoadMethodAttributes (163ms)
				AfterProcessingInitializeOnLoad (17ms)
				EditorAssembliesLoaded (0ms)
			ExecutionOrderSort2 (0ms)
			AwakeInstancesAfterBackupRestoration (28ms)
Platform modules already initialized, skipping
Refreshing native plugins compatible for Editor in 0.77 ms, found 0 plugins.
Preloading 0 native plugins for Editor in 0.00 ms.
Unloading 2669 Unused Serialized files (Serialized files now loaded: 0)
Unloading 11 unused Assets / (309.8 KB). Loaded Objects now: 3450.
Memory consumption went from 165.6 MB to 165.3 MB.
Total: 4.929350 ms (FindLiveObjects: 0.386409 ms CreateObjectMapping: 0.224979 ms MarkObjects: 4.211045 ms  DeleteObjects: 0.104508 ms)

AssetImportParameters requested are different than current active one (requested -> active):
  custom:video-decoder-ogg-theora: a1e56fd34408186e4bbccfd4996cb3dc -> 
  custom:container-muxer-webm: aa71ff27fc2769a1b78a27578f13a17b -> 
  custom:container-demuxer-webm: 4f35f7cbe854078d1ac9338744f61a02 -> 
  custom:video-encoder-webm-vp8: eb34c28f22e8b96e1ab97ce403110664 -> 
  custom:video-codec-MediaFoundation-h265: 55f8c8538cf0483ab7069ead6b737db2 -> 
  custom:audio-encoder-webm-vorbis: bf7c407c2cedff20999df2af8eb42d56 -> 
  custom:framework-win-MediaFoundation: 216162199b28c13a410421893ffa2e32 -> 
  custom:container-demuxer-ogg: 62fdf1f143b41e24485cea50d1cbac27 -> 
  custom:video-decoder-webm-vp8: 9c59270c3fd7afecdb556c50c9e8de78 -> 
  custom:audio-decoder-ogg-vorbis: bf7c407c2cedff20999df2af8eb42d56 -> 
========================================================================
Received Import Request.
  Time since last request: 1474.879388 seconds.
  path: Assets/Prototype 2/Models/MonsterTruck.prefab
  artifactKey: Guid(924d468146e22a84c8f28c4dccc27903) Importer(815301076,1909f56bfc062723c751e8b465ee728b)
Start importing Assets/Prototype 2/Models/MonsterTruck.prefab using Guid(924d468146e22a84c8f28c4dccc27903) Importer(815301076,1909f56bfc062723c751e8b465ee728b)  -> (artifact id: 'ac2beaa18a2667e472196b0fa4c9812b') in 0.343895 seconds 
========================================================================
Received Prepare
Registering precompiled user dll's ...
Registered in 0.003378 seconds.
Begin MonoManager ReloadAssembly
Native extension for WindowsStandalone target not found
Refreshing native plugins compatible for Editor in 0.72 ms, found 0 plugins.
Preloading 0 native plugins for Editor in 0.00 ms.
Mono: successfully reloaded assembly
- Completed reload, in  1.830 seconds
Domain Reload Profiling:
	ReloadAssembly (1833ms)
		BeginReloadAssembly (371ms)
			ExecutionOrderSort (0ms)
			DisableScriptedObjects (41ms)
			BackupInstance (0ms)
			ReleaseScriptingObjects (1ms)
			CreateAndSetChildDomain (127ms)
		EndReloadAssembly (1269ms)
			LoadAssemblies (164ms)
			RebuildTransferFunctionScriptingTraits (0ms)
			SetupTypeCache (271ms)
			ReleaseScriptCaches (2ms)
			RebuildScriptCaches (68ms)
			SetupLoadedEditorAssemblies (696ms)
				LogAssemblyErrors (0ms)
				InitializePlatformSupportModulesInManaged (20ms)
				SetLoadedEditorAssemblies (1ms)
				RefreshPlugins (1ms)
				BeforeProcessingInitializeOnLoad (104ms)
				ProcessInitializeOnLoadAttributes (433ms)
				ProcessInitializeOnLoadMethodAttributes (123ms)
				AfterProcessingInitializeOnLoad (14ms)
				EditorAssembliesLoaded (0ms)
			ExecutionOrderSort2 (0ms)
			AwakeInstancesAfterBackupRestoration (24ms)
Platform modules already initialized, skipping
Refreshing native plugins compatible for Editor in 0.79 ms, found 0 plugins.
Preloading 0 native plugins for Editor in 0.00 ms.
Unloading 2667 Unused Serialized files (Serialized files now loaded: 0)
Unloading 13 unused Assets / (309.8 KB). Loaded Objects now: 3490.
Memory consumption went from 165.6 MB to 165.3 MB.
Total: 5.485020 ms (FindLiveObjects: 0.302080 ms CreateObjectMapping: 0.144263 ms MarkObjects: 4.841708 ms  DeleteObjects: 0.195463 ms)

AssetImportParameters requested are different than current active one (requested -> active):
  custom:video-decoder-ogg-theora: a1e56fd34408186e4bbccfd4996cb3dc -> 
  custom:container-muxer-webm: aa71ff27fc2769a1b78a27578f13a17b -> 
  custom:container-demuxer-webm: 4f35f7cbe854078d1ac9338744f61a02 -> 
  custom:video-encoder-webm-vp8: eb34c28f22e8b96e1ab97ce403110664 -> 
  custom:video-codec-MediaFoundation-h265: 55f8c8538cf0483ab7069ead6b737db2 -> 
  custom:audio-encoder-webm-vorbis: bf7c407c2cedff20999df2af8eb42d56 -> 
  custom:framework-win-MediaFoundation: 216162199b28c13a410421893ffa2e32 -> 
  custom:container-demuxer-ogg: 62fdf1f143b41e24485cea50d1cbac27 -> 
  custom:video-decoder-webm-vp8: 9c59270c3fd7afecdb556c50c9e8de78 -> 
  custom:audio-decoder-ogg-vorbis: bf7c407c2cedff20999df2af8eb42d56 -> 
========================================================================
Received Import Request.
  Time since last request: 5322.363217 seconds.
  path: Assets/52SpecialEffectPack/Animation&Script
  artifactKey: Guid(1947f0b7c0ea31040b5138f41eae582b) Importer(815301076,1909f56bfc062723c751e8b465ee728b)
Start importing Assets/52SpecialEffectPack/Animation&Script using Guid(1947f0b7c0ea31040b5138f41eae582b) Importer(815301076,1909f56bfc062723c751e8b465ee728b)  -> (artifact id: '28abfb16ff031dc465a43657d182c824') in 0.006314 seconds 
========================================================================
Received Import Request.
  Time since last request: 6.367583 seconds.
  path: Assets/Prototype 2/Scripts/MyScript.cs
  artifactKey: Guid(c9732652deaf4c7458ef27352d913fa5) Importer(815301076,1909f56bfc062723c751e8b465ee728b)
Start importing Assets/Prototype 2/Scripts/MyScript.cs using Guid(c9732652deaf4c7458ef27352d913fa5) Importer(815301076,1909f56bfc062723c751e8b465ee728b)  -> (artifact id: '3dfd7b2e4e73859757223ce5940f1f52') in 0.007120 seconds 
========================================================================
Received Prepare
Registering precompiled user dll's ...
Registered in 0.003636 seconds.
Begin MonoManager ReloadAssembly
Native extension for WindowsStandalone target not found
Refreshing native plugins compatible for Editor in 0.72 ms, found 0 plugins.
Preloading 0 native plugins for Editor in 0.00 ms.
Mono: successfully reloaded assembly
- Completed reload, in  1.816 seconds
Domain Reload Profiling:
	ReloadAssembly (1818ms)
		BeginReloadAssembly (353ms)
			ExecutionOrderSort (0ms)
			DisableScriptedObjects (31ms)
			BackupInstance (0ms)
			ReleaseScriptingObjects (0ms)
			CreateAndSetChildDomain (118ms)
		EndReloadAssembly (1283ms)
			LoadAssemblies (160ms)
			RebuildTransferFunctionScriptingTraits (0ms)
			SetupTypeCache (287ms)
			ReleaseScriptCaches (2ms)
			RebuildScriptCaches (65ms)
			SetupLoadedEditorAssemblies (696ms)
				LogAssemblyErrors (0ms)
				InitializePlatformSupportModulesInManaged (23ms)
				SetLoadedEditorAssemblies (1ms)
				RefreshPlugins (1ms)
				BeforeProcessingInitializeOnLoad (104ms)
				ProcessInitializeOnLoadAttributes (424ms)
				ProcessInitializeOnLoadMethodAttributes (127ms)
				AfterProcessingInitializeOnLoad (14ms)
				EditorAssembliesLoaded (0ms)
			ExecutionOrderSort2 (0ms)
			AwakeInstancesAfterBackupRestoration (26ms)
Platform modules already initialized, skipping
Refreshing native plugins compatible for Editor in 0.74 ms, found 0 plugins.
Preloading 0 native plugins for Editor in 0.00 ms.
Unloading 2667 Unused Serialized files (Serialized files now loaded: 0)
Unloading 11 unused Assets / (309.9 KB). Loaded Objects now: 3492.
Memory consumption went from 165.6 MB to 165.3 MB.
Total: 7.155644 ms (FindLiveObjects: 0.409298 ms CreateObjectMapping: 0.176188 ms MarkObjects: 6.267175 ms  DeleteObjects: 0.300875 ms)

AssetImportParameters requested are different than current active one (requested -> active):
  custom:video-decoder-ogg-theora: a1e56fd34408186e4bbccfd4996cb3dc -> 
  custom:container-muxer-webm: aa71ff27fc2769a1b78a27578f13a17b -> 
  custom:container-demuxer-webm: 4f35f7cbe854078d1ac9338744f61a02 -> 
  custom:video-encoder-webm-vp8: eb34c28f22e8b96e1ab97ce403110664 -> 
  custom:video-codec-MediaFoundation-h265: 55f8c8538cf0483ab7069ead6b737db2 -> 
  custom:audio-encoder-webm-vorbis: bf7c407c2cedff20999df2af8eb42d56 -> 
  custom:framework-win-MediaFoundation: 216162199b28c13a410421893ffa2e32 -> 
  custom:container-demuxer-ogg: 62fdf1f143b41e24485cea50d1cbac27 -> 
  custom:video-decoder-webm-vp8: 9c59270c3fd7afecdb556c50c9e8de78 -> 
  custom:audio-decoder-ogg-vorbis: bf7c407c2cedff20999df2af8eb42d56 -> 
========================================================================
Received Prepare
Registering precompiled user dll's ...
Registered in 0.003360 seconds.
Begin MonoManager ReloadAssembly
Native extension for WindowsStandalone target not found
Refreshing native plugins compatible for Editor in 0.76 ms, found 0 plugins.
Preloading 0 native plugins for Editor in 0.00 ms.
Mono: successfully reloaded assembly
- Completed reload, in  1.830 seconds
Domain Reload Profiling:
	ReloadAssembly (1832ms)
		BeginReloadAssembly (194ms)
			ExecutionOrderSort (0ms)
			DisableScriptedObjects (10ms)
			BackupInstance (0ms)
			ReleaseScriptingObjects (0ms)
			CreateAndSetChildDomain (38ms)
		EndReloadAssembly (1480ms)
			LoadAssemblies (128ms)
			RebuildTransferFunctionScriptingTraits (0ms)
			SetupTypeCache (260ms)
			ReleaseScriptCaches (1ms)
			RebuildScriptCaches (71ms)
			SetupLoadedEditorAssemblies (895ms)
				LogAssemblyErrors (0ms)
				InitializePlatformSupportModulesInManaged (21ms)
				SetLoadedEditorAssemblies (1ms)
				RefreshPlugins (1ms)
				BeforeProcessingInitializeOnLoad (114ms)
				ProcessInitializeOnLoadAttributes (550ms)
				ProcessInitializeOnLoadMethodAttributes (191ms)
				AfterProcessingInitializeOnLoad (18ms)
				EditorAssembliesLoaded (0ms)
			ExecutionOrderSort2 (0ms)
			AwakeInstancesAfterBackupRestoration (31ms)
Platform modules already initialized, skipping
Refreshing native plugins compatible for Editor in 1.01 ms, found 0 plugins.
Preloading 0 native plugins for Editor in 0.00 ms.
Unloading 2667 Unused Serialized files (Serialized files now loaded: 0)
Unloading 11 unused Assets / (309.9 KB). Loaded Objects now: 3494.
Memory consumption went from 165.6 MB to 165.3 MB.
Total: 4.948625 ms (FindLiveObjects: 0.318946 ms CreateObjectMapping: 0.146673 ms MarkObjects: 4.415242 ms  DeleteObjects: 0.066560 ms)

AssetImportParameters requested are different than current active one (requested -> active):
  custom:video-decoder-ogg-theora: a1e56fd34408186e4bbccfd4996cb3dc -> 
  custom:container-muxer-webm: aa71ff27fc2769a1b78a27578f13a17b -> 
  custom:container-demuxer-webm: 4f35f7cbe854078d1ac9338744f61a02 -> 
  custom:video-encoder-webm-vp8: eb34c28f22e8b96e1ab97ce403110664 -> 
  custom:video-codec-MediaFoundation-h265: 55f8c8538cf0483ab7069ead6b737db2 -> 
  custom:audio-encoder-webm-vorbis: bf7c407c2cedff20999df2af8eb42d56 -> 
  custom:framework-win-MediaFoundation: 216162199b28c13a410421893ffa2e32 -> 
  custom:container-demuxer-ogg: 62fdf1f143b41e24485cea50d1cbac27 -> 
  custom:video-decoder-webm-vp8: 9c59270c3fd7afecdb556c50c9e8de78 -> 
  custom:audio-decoder-ogg-vorbis: bf7c407c2cedff20999df2af8eb42d56 -> 
========================================================================
Received Prepare
Registering precompiled user dll's ...
Registered in 0.003373 seconds.
Begin MonoManager ReloadAssembly
Native extension for WindowsStandalone target not found
Refreshing native plugins compatible for Editor in 0.83 ms, found 0 plugins.
Preloading 0 native plugins for Editor in 0.00 ms.
Mono: successfully reloaded assembly
- Completed reload, in  1.547 seconds
Domain Reload Profiling:
	ReloadAssembly (1548ms)
		BeginReloadAssembly (194ms)
			ExecutionOrderSort (0ms)
			DisableScriptedObjects (10ms)
			BackupInstance (0ms)
			ReleaseScriptingObjects (0ms)
			CreateAndSetChildDomain (38ms)
		EndReloadAssembly (1198ms)
			LoadAssemblies (126ms)
			RebuildTransferFunctionScriptingTraits (0ms)
			SetupTypeCache (251ms)
			ReleaseScriptCaches (2ms)
			RebuildScriptCaches (64ms)
			SetupLoadedEditorAssemblies (661ms)
				LogAssemblyErrors (0ms)
				InitializePlatformSupportModulesInManaged (19ms)
				SetLoadedEditorAssemblies (1ms)
				RefreshPlugins (1ms)
				BeforeProcessingInitializeOnLoad (95ms)
				ProcessInitializeOnLoadAttributes (403ms)
				ProcessInitializeOnLoadMethodAttributes (127ms)
				AfterProcessingInitializeOnLoad (15ms)
				EditorAssembliesLoaded (0ms)
			ExecutionOrderSort2 (0ms)
			AwakeInstancesAfterBackupRestoration (24ms)
Platform modules already initialized, skipping
Refreshing native plugins compatible for Editor in 0.70 ms, found 0 plugins.
Preloading 0 native plugins for Editor in 0.00 ms.
Unloading 2667 Unused Serialized files (Serialized files now loaded: 0)
Unloading 11 unused Assets / (310.0 KB). Loaded Objects now: 3496.
Memory consumption went from 165.6 MB to 165.3 MB.
Total: 7.154138 ms (FindLiveObjects: 0.413816 ms CreateObjectMapping: 0.153600 ms MarkObjects: 6.500586 ms  DeleteObjects: 0.084329 ms)

AssetImportParameters requested are different than current active one (requested -> active):
  custom:video-decoder-ogg-theora: a1e56fd34408186e4bbccfd4996cb3dc -> 
  custom:container-muxer-webm: aa71ff27fc2769a1b78a27578f13a17b -> 
  custom:container-demuxer-webm: 4f35f7cbe854078d1ac9338744f61a02 -> 
  custom:video-encoder-webm-vp8: eb34c28f22e8b96e1ab97ce403110664 -> 
  custom:video-codec-MediaFoundation-h265: 55f8c8538cf0483ab7069ead6b737db2 -> 
  custom:audio-encoder-webm-vorbis: bf7c407c2cedff20999df2af8eb42d56 -> 
  custom:framework-win-MediaFoundation: 216162199b28c13a410421893ffa2e32 -> 
  custom:container-demuxer-ogg: 62fdf1f143b41e24485cea50d1cbac27 -> 
  custom:video-decoder-webm-vp8: 9c59270c3fd7afecdb556c50c9e8de78 -> 
  custom:audio-decoder-ogg-vorbis: bf7c407c2cedff20999df2af8eb42d56 -> 
========================================================================
Received Prepare
Registering precompiled user dll's ...
Registered in 0.003489 seconds.
Begin MonoManager ReloadAssembly
Native extension for WindowsStandalone target not found
Refreshing native plugins compatible for Editor in 1.02 ms, found 0 plugins.
Preloading 0 native plugins for Editor in 0.00 ms.
Mono: successfully reloaded assembly
- Completed reload, in  1.814 seconds
Domain Reload Profiling:
	ReloadAssembly (1815ms)
		BeginReloadAssembly (191ms)
			ExecutionOrderSort (0ms)
			DisableScriptedObjects (10ms)
			BackupInstance (0ms)
			ReleaseScriptingObjects (0ms)
			CreateAndSetChildDomain (37ms)
		EndReloadAssembly (1471ms)
			LoadAssemblies (118ms)
			RebuildTransferFunctionScriptingTraits (0ms)
			SetupTypeCache (251ms)
			ReleaseScriptCaches (1ms)
			RebuildScriptCaches (67ms)
			SetupLoadedEditorAssemblies (893ms)
				LogAssemblyErrors (0ms)
				InitializePlatformSupportModulesInManaged (26ms)
				SetLoadedEditorAssemblies (1ms)
				RefreshPlugins (1ms)
				BeforeProcessingInitializeOnLoad (119ms)
				ProcessInitializeOnLoadAttributes (582ms)
				ProcessInitializeOnLoadMethodAttributes (148ms)
				AfterProcessingInitializeOnLoad (15ms)
				EditorAssembliesLoaded (1ms)
			ExecutionOrderSort2 (0ms)
			AwakeInstancesAfterBackupRestoration (25ms)
Platform modules already initialized, skipping
Refreshing native plugins compatible for Editor in 0.88 ms, found 0 plugins.
Preloading 0 native plugins for Editor in 0.00 ms.
Unloading 2667 Unused Serialized files (Serialized files now loaded: 0)
Unloading 11 unused Assets / (309.8 KB). Loaded Objects now: 3498.
Memory consumption went from 165.6 MB to 165.3 MB.
Total: 4.668532 ms (FindLiveObjects: 0.355990 ms CreateObjectMapping: 0.171670 ms MarkObjects: 4.061059 ms  DeleteObjects: 0.078306 ms)

AssetImportParameters requested are different than current active one (requested -> active):
  custom:video-decoder-ogg-theora: a1e56fd34408186e4bbccfd4996cb3dc -> 
  custom:container-muxer-webm: aa71ff27fc2769a1b78a27578f13a17b -> 
  custom:container-demuxer-webm: 4f35f7cbe854078d1ac9338744f61a02 -> 
  custom:video-encoder-webm-vp8: eb34c28f22e8b96e1ab97ce403110664 -> 
  custom:video-codec-MediaFoundation-h265: 55f8c8538cf0483ab7069ead6b737db2 -> 
  custom:audio-encoder-webm-vorbis: bf7c407c2cedff20999df2af8eb42d56 -> 
  custom:framework-win-MediaFoundation: 216162199b28c13a410421893ffa2e32 -> 
  custom:container-demuxer-ogg: 62fdf1f143b41e24485cea50d1cbac27 -> 
  custom:video-decoder-webm-vp8: 9c59270c3fd7afecdb556c50c9e8de78 -> 
  custom:audio-decoder-ogg-vorbis: bf7c407c2cedff20999df2af8eb42d56 -> 
========================================================================
Received Prepare
Registering precompiled user dll's ...
Registered in 0.003501 seconds.
Begin MonoManager ReloadAssembly
Native extension for WindowsStandalone target not found
Refreshing native plugins compatible for Editor in 1.27 ms, found 0 plugins.
Preloading 0 native plugins for Editor in 0.00 ms.
Mono: successfully reloaded assembly
- Completed reload, in  1.552 seconds
Domain Reload Profiling:
	ReloadAssembly (1553ms)
		BeginReloadAssembly (191ms)
			ExecutionOrderSort (0ms)
			DisableScriptedObjects (10ms)
			BackupInstance (0ms)
			ReleaseScriptingObjects (0ms)
			CreateAndSetChildDomain (38ms)
		EndReloadAssembly (1203ms)
			LoadAssemblies (125ms)
			RebuildTransferFunctionScriptingTraits (0ms)
			SetupTypeCache (267ms)
			ReleaseScriptCaches (1ms)
			RebuildScriptCaches (65ms)
			SetupLoadedEditorAssemblies (645ms)
				LogAssemblyErrors (0ms)
				InitializePlatformSupportModulesInManaged (19ms)
				SetLoadedEditorAssemblies (1ms)
				RefreshPlugins (1ms)
				BeforeProcessingInitializeOnLoad (93ms)
				ProcessInitializeOnLoadAttributes (399ms)
				ProcessInitializeOnLoadMethodAttributes (116ms)
				AfterProcessingInitializeOnLoad (15ms)
				EditorAssembliesLoaded (0ms)
			ExecutionOrderSort2 (0ms)
			AwakeInstancesAfterBackupRestoration (24ms)
Platform modules already initialized, skipping
Refreshing native plugins compatible for Editor in 0.72 ms, found 0 plugins.
Preloading 0 native plugins for Editor in 0.00 ms.
Unloading 2667 Unused Serialized files (Serialized files now loaded: 0)
Unloading 11 unused Assets / (309.9 KB). Loaded Objects now: 3500.
Memory consumption went from 165.6 MB to 165.3 MB.
Total: 7.798354 ms (FindLiveObjects: 0.343642 ms CreateObjectMapping: 0.162936 ms MarkObjects: 7.215578 ms  DeleteObjects: 0.074391 ms)

AssetImportParameters requested are different than current active one (requested -> active):
  custom:video-decoder-ogg-theora: a1e56fd34408186e4bbccfd4996cb3dc -> 
  custom:container-muxer-webm: aa71ff27fc2769a1b78a27578f13a17b -> 
  custom:container-demuxer-webm: 4f35f7cbe854078d1ac9338744f61a02 -> 
  custom:video-encoder-webm-vp8: eb34c28f22e8b96e1ab97ce403110664 -> 
  custom:video-codec-MediaFoundation-h265: 55f8c8538cf0483ab7069ead6b737db2 -> 
  custom:audio-encoder-webm-vorbis: bf7c407c2cedff20999df2af8eb42d56 -> 
  custom:framework-win-MediaFoundation: 216162199b28c13a410421893ffa2e32 -> 
  custom:container-demuxer-ogg: 62fdf1f143b41e24485cea50d1cbac27 -> 
  custom:video-decoder-webm-vp8: 9c59270c3fd7afecdb556c50c9e8de78 -> 
  custom:audio-decoder-ogg-vorbis: bf7c407c2cedff20999df2af8eb42d56 -> 
========================================================================
Received Prepare
Registering precompiled user dll's ...
Registered in 0.003608 seconds.
Begin MonoManager ReloadAssembly
Native extension for WindowsStandalone target not found
Refreshing native plugins compatible for Editor in 0.81 ms, found 0 plugins.
Preloading 0 native plugins for Editor in 0.00 ms.
Mono: successfully reloaded assembly
- Completed reload, in  1.535 seconds
Domain Reload Profiling:
	ReloadAssembly (1536ms)
		BeginReloadAssembly (187ms)
			ExecutionOrderSort (0ms)
			DisableScriptedObjects (10ms)
			BackupInstance (0ms)
			ReleaseScriptingObjects (0ms)
			CreateAndSetChildDomain (38ms)
		EndReloadAssembly (1194ms)
			LoadAssemblies (116ms)
			RebuildTransferFunctionScriptingTraits (0ms)
			SetupTypeCache (252ms)
			ReleaseScriptCaches (1ms)
			RebuildScriptCaches (62ms)
			SetupLoadedEditorAssemblies (660ms)
				LogAssemblyErrors (0ms)
				InitializePlatformSupportModulesInManaged (18ms)
				SetLoadedEditorAssemblies (1ms)
				RefreshPlugins (1ms)
				BeforeProcessingInitializeOnLoad (96ms)
				ProcessInitializeOnLoadAttributes (400ms)
				ProcessInitializeOnLoadMethodAttributes (129ms)
				AfterProcessingInitializeOnLoad (15ms)
				EditorAssembliesLoaded (0ms)
			ExecutionOrderSort2 (0ms)
			AwakeInstancesAfterBackupRestoration (24ms)
Platform modules already initialized, skipping
Refreshing native plugins compatible for Editor in 0.72 ms, found 0 plugins.
Preloading 0 native plugins for Editor in 0.00 ms.
Unloading 2667 Unused Serialized files (Serialized files now loaded: 0)
Unloading 11 unused Assets / (309.8 KB). Loaded Objects now: 3502.
Memory consumption went from 165.6 MB to 165.3 MB.
Total: 4.557699 ms (FindLiveObjects: 0.311717 ms CreateObjectMapping: 0.148480 ms MarkObjects: 4.018292 ms  DeleteObjects: 0.077703 ms)

AssetImportParameters requested are different than current active one (requested -> active):
  custom:video-decoder-ogg-theora: a1e56fd34408186e4bbccfd4996cb3dc -> 
  custom:container-muxer-webm: aa71ff27fc2769a1b78a27578f13a17b -> 
  custom:container-demuxer-webm: 4f35f7cbe854078d1ac9338744f61a02 -> 
  custom:video-encoder-webm-vp8: eb34c28f22e8b96e1ab97ce403110664 -> 
  custom:video-codec-MediaFoundation-h265: 55f8c8538cf0483ab7069ead6b737db2 -> 
  custom:audio-encoder-webm-vorbis: bf7c407c2cedff20999df2af8eb42d56 -> 
  custom:framework-win-MediaFoundation: 216162199b28c13a410421893ffa2e32 -> 
  custom:container-demuxer-ogg: 62fdf1f143b41e24485cea50d1cbac27 -> 
  custom:video-decoder-webm-vp8: 9c59270c3fd7afecdb556c50c9e8de78 -> 
  custom:audio-decoder-ogg-vorbis: bf7c407c2cedff20999df2af8eb42d56 -> 
========================================================================
Received Prepare
Registering precompiled user dll's ...
Registered in 0.011960 seconds.
Begin MonoManager ReloadAssembly
Native extension for WindowsStandalone target not found
Refreshing native plugins compatible for Editor in 0.69 ms, found 0 plugins.
Preloading 0 native plugins for Editor in 0.00 ms.
Mono: successfully reloaded assembly
- Completed reload, in  1.922 seconds
Domain Reload Profiling:
	ReloadAssembly (1924ms)
		BeginReloadAssembly (543ms)
			ExecutionOrderSort (0ms)
			DisableScriptedObjects (32ms)
			BackupInstance (0ms)
			ReleaseScriptingObjects (0ms)
			CreateAndSetChildDomain (136ms)
		EndReloadAssembly (1217ms)
			LoadAssemblies (301ms)
			RebuildTransferFunctionScriptingTraits (0ms)
			SetupTypeCache (279ms)
			ReleaseScriptCaches (1ms)
			RebuildScriptCaches (64ms)
			SetupLoadedEditorAssemblies (658ms)
				LogAssemblyErrors (0ms)
				InitializePlatformSupportModulesInManaged (21ms)
				SetLoadedEditorAssemblies (1ms)
				RefreshPlugins (1ms)
				BeforeProcessingInitializeOnLoad (94ms)
				ProcessInitializeOnLoadAttributes (402ms)
				ProcessInitializeOnLoadMethodAttributes (124ms)
				AfterProcessingInitializeOnLoad (14ms)
				EditorAssembliesLoaded (0ms)
			ExecutionOrderSort2 (0ms)
			AwakeInstancesAfterBackupRestoration (22ms)
Platform modules already initialized, skipping
Refreshing native plugins compatible for Editor in 0.74 ms, found 0 plugins.
Preloading 0 native plugins for Editor in 0.00 ms.
Unloading 2667 Unused Serialized files (Serialized files now loaded: 0)
Unloading 11 unused Assets / (309.9 KB). Loaded Objects now: 3504.
Memory consumption went from 165.7 MB to 165.4 MB.
Total: 4.498969 ms (FindLiveObjects: 0.372254 ms CreateObjectMapping: 0.150588 ms MarkObjects: 3.883968 ms  DeleteObjects: 0.090353 ms)

AssetImportParameters requested are different than current active one (requested -> active):
  custom:video-decoder-ogg-theora: a1e56fd34408186e4bbccfd4996cb3dc -> 
  custom:container-muxer-webm: aa71ff27fc2769a1b78a27578f13a17b -> 
  custom:container-demuxer-webm: 4f35f7cbe854078d1ac9338744f61a02 -> 
  custom:video-encoder-webm-vp8: eb34c28f22e8b96e1ab97ce403110664 -> 
  custom:video-codec-MediaFoundation-h265: 55f8c8538cf0483ab7069ead6b737db2 -> 
  custom:audio-encoder-webm-vorbis: bf7c407c2cedff20999df2af8eb42d56 -> 
  custom:framework-win-MediaFoundation: 216162199b28c13a410421893ffa2e32 -> 
  custom:container-demuxer-ogg: 62fdf1f143b41e24485cea50d1cbac27 -> 
  custom:video-decoder-webm-vp8: 9c59270c3fd7afecdb556c50c9e8de78 -> 
  custom:audio-decoder-ogg-vorbis: bf7c407c2cedff20999df2af8eb42d56 -> 
========================================================================
Received Prepare
Registering precompiled user dll's ...
Registered in 0.003370 seconds.
Begin MonoManager ReloadAssembly
Native extension for WindowsStandalone target not found
Refreshing native plugins compatible for Editor in 0.90 ms, found 0 plugins.
Preloading 0 native plugins for Editor in 0.00 ms.
Mono: successfully reloaded assembly
- Completed reload, in  1.706 seconds
Domain Reload Profiling:
	ReloadAssembly (1707ms)
		BeginReloadAssembly (188ms)
			ExecutionOrderSort (0ms)
			DisableScriptedObjects (10ms)
			BackupInstance (0ms)
			ReleaseScriptingObjects (0ms)
			CreateAndSetChildDomain (38ms)
		EndReloadAssembly (1366ms)
			LoadAssemblies (119ms)
			RebuildTransferFunctionScriptingTraits (0ms)
			SetupTypeCache (256ms)
			ReleaseScriptCaches (1ms)
			RebuildScriptCaches (71ms)
			SetupLoadedEditorAssemblies (798ms)
				LogAssemblyErrors (0ms)
				InitializePlatformSupportModulesInManaged (21ms)
				SetLoadedEditorAssemblies (1ms)
				RefreshPlugins (1ms)
				BeforeProcessingInitializeOnLoad (114ms)
				ProcessInitializeOnLoadAttributes (484ms)
				ProcessInitializeOnLoadMethodAttributes (161ms)
				AfterProcessingInitializeOnLoad (16ms)
				EditorAssembliesLoaded (0ms)
			ExecutionOrderSort2 (0ms)
			AwakeInstancesAfterBackupRestoration (27ms)
Platform modules already initialized, skipping
Refreshing native plugins compatible for Editor in 0.81 ms, found 0 plugins.
Preloading 0 native plugins for Editor in 0.00 ms.
Unloading 2667 Unused Serialized files (Serialized files now loaded: 0)
Unloading 11 unused Assets / (309.8 KB). Loaded Objects now: 3506.
Memory consumption went from 165.7 MB to 165.4 MB.
Total: 7.679390 ms (FindLiveObjects: 0.680658 ms CreateObjectMapping: 0.191849 ms MarkObjects: 6.674365 ms  DeleteObjects: 0.130710 ms)

AssetImportParameters requested are different than current active one (requested -> active):
  custom:video-decoder-ogg-theora: a1e56fd34408186e4bbccfd4996cb3dc -> 
  custom:container-muxer-webm: aa71ff27fc2769a1b78a27578f13a17b -> 
  custom:container-demuxer-webm: 4f35f7cbe854078d1ac9338744f61a02 -> 
  custom:video-encoder-webm-vp8: eb34c28f22e8b96e1ab97ce403110664 -> 
  custom:video-codec-MediaFoundation-h265: 55f8c8538cf0483ab7069ead6b737db2 -> 
  custom:audio-encoder-webm-vorbis: bf7c407c2cedff20999df2af8eb42d56 -> 
  custom:framework-win-MediaFoundation: 216162199b28c13a410421893ffa2e32 -> 
  custom:container-demuxer-ogg: 62fdf1f143b41e24485cea50d1cbac27 -> 
  custom:video-decoder-webm-vp8: 9c59270c3fd7afecdb556c50c9e8de78 -> 
  custom:audio-decoder-ogg-vorbis: bf7c407c2cedff20999df2af8eb42d56 -> 
